This file contains any messages produced by compilers while
running configure, to aid debugging if configure makes a mistake.

It was created by libbessels configure 0.1a, which was
generated by GNU Autoconf 2.69.  Invocation command line was

  $ ./configure --prefix=/Users/motohisa/local LDFLAGS=-L/opt/local/lib CPPFLAGS=-I/opt/local/include

## --------- ##
## Platform. ##
## --------- ##

hostname = rihopro.ist.hokudai.ac.jp
uname -m = i386
uname -r = 10.8.0
uname -s = Darwin
uname -v = Darwin Kernel Version 10.8.0: Tue Jun  7 16:33:36 PDT 2011; root:xnu-1504.15.3~1/RELEASE_I386

/usr/bin/uname -p = i386
/bin/uname -X     = unknown

/bin/arch              = unknown
/usr/bin/arch -k       = unknown
/usr/convex/getsysinfo = unknown
/usr/bin/hostinfo      = Mach kernel version:
	 Darwin Kernel Version 10.8.0: Tue Jun  7 16:33:36 PDT 2011; root:xnu-1504.15.3~1/RELEASE_I386
Kernel configured for up to 16 processors.
8 processors are physically available.
16 processors are logically available.
Processor type: i486 (Intel 80486)
Processors active: 0 1 2 3 4 5 6 7 8 9 10 11 12 13 14 15
Primary memory available: 16.00 gigabytes
Default processor set: 124 tasks, 598 threads, 16 processors
Load average: 0.40, Mach factor: 15.59
/bin/machine           = unknown
/usr/bin/oslevel       = unknown
/bin/universe          = unknown

PATH: /Applications/microchip/xc16/v1.10/bin
PATH: /Applications/microchip/xc8/v1.11/bin
PATH: /Applications/microchip/xc16/v1.10/bin
PATH: /Applications/microchip/xc8/v1.11/bin
PATH: /Users/motohisa/perl5/bin
PATH: /Users/motohisa/perl5/bin
PATH: /Applications/microchip/mplabc32/v2.00/bin
PATH: /Applications/microchip/mplabc30/v3.30b/bin
PATH: /opt/local/bin
PATH: /opt/local/sbin
PATH: /usr/bin
PATH: /bin
PATH: /usr/sbin
PATH: /sbin
PATH: /usr/local/bin
PATH: /opt/X11/bin
PATH: /usr/X11/bin
PATH: /Users/motohisa/bin


## ----------- ##
## Core tests. ##
## ----------- ##

configure:2260: checking for a BSD-compatible install
configure:2328: result: /opt/local/bin/ginstall -c
configure:2339: checking whether build environment is sane
configure:2394: result: yes
configure:2545: checking for a thread-safe mkdir -p
configure:2584: result: /opt/local/bin/gmkdir -p
configure:2591: checking for gawk
configure:2607: found /opt/local/bin/gawk
configure:2618: result: gawk
configure:2629: checking whether make sets $(MAKE)
configure:2651: result: yes
configure:2680: checking whether make supports nested variables
configure:2697: result: yes
configure:2826: checking for gcc
configure:2842: found /opt/local/bin/gcc
configure:2853: result: gcc
configure:3082: checking for C compiler version
configure:3091: gcc --version >&5
i686-apple-darwin10-gcc-4.2.1 (GCC) 4.2.1 (Apple Inc. build 5666) (dot 3)
Copyright (C) 2007 Free Software Foundation, Inc.
This is free software; see the source for copying conditions.  There is NO
warranty; not even for MERCHANTABILITY or FITNESS FOR A PARTICULAR PURPOSE.

configure:3102: $? = 0
configure:3091: gcc -v >&5
Using built-in specs.
Target: i686-apple-darwin10
Configured with: /var/tmp/gcc/gcc-5666.3~6/src/configure --disable-checking --enable-werror --prefix=/usr --mandir=/share/man --enable-languages=c,objc,c++,obj-c++ --program-transform-name=/^[cg][^.-]*$/s/$/-4.2/ --with-slibdir=/usr/lib --build=i686-apple-darwin10 --program-prefix=i686-apple-darwin10- --host=x86_64-apple-darwin10 --target=i686-apple-darwin10 --with-gxx-include-dir=/include/c++/4.2.1
Thread model: posix
gcc version 4.2.1 (Apple Inc. build 5666) (dot 3)
configure:3102: $? = 0
configure:3091: gcc -V >&5
gcc-4.2: argument to `-V' is missing
configure:3102: $? = 1
configure:3091: gcc -qversion >&5
i686-apple-darwin10-gcc-4.2.1: no input files
configure:3102: $? = 1
configure:3122: checking whether the C compiler works
configure:3144: gcc  -I/opt/local/include -L/opt/local/lib conftest.c  >&5
configure:3148: $? = 0
configure:3196: result: yes
configure:3199: checking for C compiler default output file name
configure:3201: result: a.out
configure:3207: checking for suffix of executables
configure:3214: gcc -o conftest  -I/opt/local/include -L/opt/local/lib conftest.c  >&5
configure:3218: $? = 0
configure:3240: result: 
configure:3262: checking whether we are cross compiling
configure:3270: gcc -o conftest  -I/opt/local/include -L/opt/local/lib conftest.c  >&5
configure:3274: $? = 0
configure:3281: ./conftest
configure:3285: $? = 0
configure:3300: result: no
configure:3305: checking for suffix of object files
configure:3327: gcc -c  -I/opt/local/include conftest.c >&5
configure:3331: $? = 0
configure:3352: result: o
configure:3356: checking whether we are using the GNU C compiler
configure:3375: gcc -c  -I/opt/local/include conftest.c >&5
configure:3375: $? = 0
configure:3384: result: yes
configure:3393: checking whether gcc accepts -g
configure:3413: gcc -c -g -I/opt/local/include conftest.c >&5
configure:3413: $? = 0
configure:3454: result: yes
configure:3471: checking for gcc option to accept ISO C89
configure:3534: gcc  -c -g -O2 -I/opt/local/include conftest.c >&5
configure:3534: $? = 0
configure:3547: result: none needed
configure:3578: checking for style of include used by make
configure:3606: result: GNU
configure:3632: checking dependency style of gcc
configure:3743: result: gcc3
configure:3759: checking whether gcc and cc understand -c and -o together
configure:3790: gcc -c conftest.c -o conftest2.o >&5
configure:3794: $? = 0
configure:3800: gcc -c conftest.c -o conftest2.o >&5
configure:3804: $? = 0
configure:3815: cc -c conftest.c >&5
configure:3819: $? = 0
configure:3827: cc -c conftest.c -o conftest2.o >&5
configure:3831: $? = 0
configure:3837: cc -c conftest.c -o conftest2.o >&5
configure:3841: $? = 0
configure:3859: result: yes
configure:3888: checking for f77
configure:3918: result: no
configure:3888: checking for xlf77
configure:3918: result: no
configure:3888: checking for cf77
configure:3918: result: no
configure:3888: checking for fort77
configure:3918: result: no
configure:3888: checking for f90
configure:3918: result: no
configure:3888: checking for xlf90
configure:3918: result: no
configure:3888: checking for gfortran
configure:3918: result: no
configure:3979: checking for g77
configure:4009: result: no
configure:3979: checking for xlf
configure:4009: result: no
configure:3979: checking for f77
configure:4009: result: no
configure:3979: checking for frt
configure:4009: result: no
configure:3979: checking for pgf77
configure:4009: result: no
configure:3979: checking for cf77
configure:4009: result: no
configure:3979: checking for fort77
configure:4009: result: no
configure:3979: checking for fl32
configure:4009: result: no
configure:3979: checking for af77
configure:4009: result: no
configure:3979: checking for xlf90
configure:4009: result: no
configure:3979: checking for f90
configure:4009: result: no
configure:3979: checking for pgf90
configure:4009: result: no
configure:3979: checking for pghpf
configure:4009: result: no
configure:3979: checking for epcf90
configure:4009: result: no
configure:3979: checking for gfortran
configure:4009: result: no
configure:3979: checking for g95
configure:3995: found /opt/local/bin/g95
configure:4006: result: g95
configure:4032: checking for Fortran 77 compiler version
configure:4041: g95 --version >&5
G95 (GCC 4.2.4 (g95 0.93!) Feb 14 2013)
Copyright (C) 2002-2008 Free Software Foundation, Inc.

G95 comes with NO WARRANTY, to the extent permitted by law.
You may redistribute copies of G95
under the terms of the GNU General Public License.
For more information about these matters, see the file named COPYING
configure:4052: $? = 0
configure:4041: g95 -v >&5
Using built-in specs.
Target: 
Configured with: ../configure --prefix=/opt/local/lib/g95/x86_64-apple-darwin10/4.2.4 --enable-languages=c --disable-multilib --with-included-gettext --with-libiconv=/opt/local --libdir=/opt/local/lib/g95/x86_64-apple-darwin10/4.2.4 --with-as=/opt/local/bin/as --with-ld=/opt/local/bin/ld --with-nm=/opt/local/bin/nm --build=x86_64-apple-darwin10 --host=x86_64-apple-darwin10
Thread model: posix
gcc version 4.2.4 (g95 0.93!) Feb 14 2013
configure:4052: $? = 0
configure:4041: g95 -V >&5
g95: '-V' option must have argument
configure:4052: $? = 1
configure:4041: g95 -qversion >&5
g95: unrecognized option '-qversion'
g95: no input files
configure:4052: $? = 1
configure:4061: checking whether we are using the GNU Fortran 77 compiler
configure:4074: g95 -c  conftest.F >&5
configure:4074: $? = 0
configure:4083: result: yes
configure:4089: checking whether g95 accepts -g
configure:4100: g95 -c -g conftest.f >&5
configure:4100: $? = 0
configure:4108: result: yes
configure:4141: checking build system type
configure:4155: result: x86_64-apple-darwin10.8.0
configure:4175: checking host system type
configure:4188: result: x86_64-apple-darwin10.8.0
configure:4213: checking how to get verbose linking output from g95
configure:4223: g95 -c -g -O2 conftest.f >&5
configure:4223: $? = 0
configure:4241: g95 -o conftest -g -O2 -v -L/opt/local/lib conftest.f
Using built-in specs.
Target: 
Thread model: posix
gcc version 4.2.4 (g95 0.93!) Feb 14 2013
 /opt/local/bin/../lib/g95/x86_64-apple-darwin10/4.2.4//f951 conftest.f -fPIC -feliminate-unused-debug-symbols -quiet -dumpbase conftest.f -mtune=generic -march=nocona -auxbase conftest -g -O2 -version -o /var/folders/eZ/eZr4GfSZE7u+MtW-iuvN0k+++TI/-Tmp-//ccqp7bFE.s
G95 Fortran 95 version 4.2.4 (g95 0.93!) Feb 14 2013 (x86_64-apple-darwin10)
	compiled by GNU C version 4.2.4.
GGC heuristics: --param ggc-min-expand=100 --param ggc-min-heapsize=131072
 /opt/local/bin/as -arch x86_64 -force_cpusubtype_ALL -o /var/folders/eZ/eZr4GfSZE7u+MtW-iuvN0k+++TI/-Tmp-//ccRn1r3s.o /var/folders/eZ/eZr4GfSZE7u+MtW-iuvN0k+++TI/-Tmp-//ccqp7bFE.s
 /opt/local/bin/ld -dynamic -arch x86_64 -weak_reference_mismatches non-weak -o conftest -lcrt1.o -L/opt/local/lib -L/opt/local/bin/../lib/g95/x86_64-apple-darwin10/4.2.4/ -L/opt/local/bin/../lib/g95/x86_64-apple-darwin10/4.2.4 -L/opt/local/lib/g95/x86_64-apple-darwin10/4.2.4/ -L/usr/lib/gcc// -L/opt/local/bin/../lib/g95/x86_64-apple-darwin10/4.2.4/// -L/opt/local/bin/../lib/g95/x86_64-apple-darwin10/4.2.4/ -L/opt/local/lib/g95/x86_64-apple-darwin10/4.2.4/// -L/opt/local/lib/g95/x86_64-apple-darwin10/4.2.4/ -L/usr/lib// /var/folders/eZ/eZr4GfSZE7u+MtW-iuvN0k+++TI/-Tmp-//ccRn1r3s.o -lf95 -lm -lgcc -lSystem
ld: warning: -macosx_version_min not specificed, assuming 10.6
configure:4324: result: -v
configure:4326: checking for Fortran 77 libraries of g95
configure:4349: g95 -o conftest -g -O2 -v -L/opt/local/lib conftest.f
Using built-in specs.
Target: 
Thread model: posix
gcc version 4.2.4 (g95 0.93!) Feb 14 2013
 /opt/local/bin/../lib/g95/x86_64-apple-darwin10/4.2.4//f951 conftest.f -fPIC -feliminate-unused-debug-symbols -quiet -dumpbase conftest.f -mtune=generic -march=nocona -auxbase conftest -g -O2 -version -o /var/folders/eZ/eZr4GfSZE7u+MtW-iuvN0k+++TI/-Tmp-//cckFrqM5.s
G95 Fortran 95 version 4.2.4 (g95 0.93!) Feb 14 2013 (x86_64-apple-darwin10)
	compiled by GNU C version 4.2.4.
GGC heuristics: --param ggc-min-expand=100 --param ggc-min-heapsize=131072
 /opt/local/bin/as -arch x86_64 -force_cpusubtype_ALL -o /var/folders/eZ/eZr4GfSZE7u+MtW-iuvN0k+++TI/-Tmp-//ccsNK32E.o /var/folders/eZ/eZr4GfSZE7u+MtW-iuvN0k+++TI/-Tmp-//cckFrqM5.s
 /opt/local/bin/ld -dynamic -arch x86_64 -weak_reference_mismatches non-weak -o conftest -lcrt1.o -L/opt/local/lib -L/opt/local/bin/../lib/g95/x86_64-apple-darwin10/4.2.4/ -L/opt/local/bin/../lib/g95/x86_64-apple-darwin10/4.2.4 -L/opt/local/lib/g95/x86_64-apple-darwin10/4.2.4/ -L/usr/lib/gcc// -L/opt/local/bin/../lib/g95/x86_64-apple-darwin10/4.2.4/// -L/opt/local/bin/../lib/g95/x86_64-apple-darwin10/4.2.4/ -L/opt/local/lib/g95/x86_64-apple-darwin10/4.2.4/// -L/opt/local/lib/g95/x86_64-apple-darwin10/4.2.4/ -L/usr/lib// /var/folders/eZ/eZr4GfSZE7u+MtW-iuvN0k+++TI/-Tmp-//ccsNK32E.o -lf95 -lm -lgcc -lSystem
ld: warning: -macosx_version_min not specificed, assuming 10.6
configure:4545: result:  -L/opt/local/lib -L/opt/local/bin/../lib/g95/x86_64-apple-darwin10/4.2.4/ -L/opt/local/bin/../lib/g95/x86_64-apple-darwin10/4.2.4 -L/opt/local/lib/g95/x86_64-apple-darwin10/4.2.4/ -L/usr/lib/gcc// -L/opt/local/bin/../lib/g95/x86_64-apple-darwin10/4.2.4/// -L/opt/local/lib/g95/x86_64-apple-darwin10/4.2.4/// -L/usr/lib// -lf95 -lm
configure:4601: checking for ranlib
configure:4617: found /opt/local/bin/ranlib
configure:4628: result: ranlib
configure:4660: checking how to get verbose linking output from g95
configure:4771: result: -v
configure:4773: checking for Fortran 77 libraries of g95
configure:4992: result:  -L/opt/local/lib -L/opt/local/bin/../lib/g95/x86_64-apple-darwin10/4.2.4/ -L/opt/local/bin/../lib/g95/x86_64-apple-darwin10/4.2.4 -L/opt/local/lib/g95/x86_64-apple-darwin10/4.2.4/ -L/usr/lib/gcc// -L/opt/local/bin/../lib/g95/x86_64-apple-darwin10/4.2.4/// -L/opt/local/lib/g95/x86_64-apple-darwin10/4.2.4/// -L/usr/lib// -lf95 -lm
configure:5009: checking for dummy main to link with Fortran 77 libraries
configure:5043: gcc -o conftest -g -O2 -I/opt/local/include -L/opt/local/lib conftest.c   -L/opt/local/lib -L/opt/local/bin/../lib/g95/x86_64-apple-darwin10/4.2.4/ -L/opt/local/bin/../lib/g95/x86_64-apple-darwin10/4.2.4 -L/opt/local/lib/g95/x86_64-apple-darwin10/4.2.4/ -L/usr/lib/gcc// -L/opt/local/bin/../lib/g95/x86_64-apple-darwin10/4.2.4/// -L/opt/local/lib/g95/x86_64-apple-darwin10/4.2.4/// -L/usr/lib// -lf95 -lm >&5
configure:5043: $? = 0
configure:5088: result: none
configure:5121: checking for Fortran 77 name-mangling scheme
configure:5134: g95 -c -g -O2 conftest.f >&5
configure:5134: $? = 0
configure:5175: gcc -o conftest -g -O2 -I/opt/local/include -L/opt/local/lib conftest.c cfortran_test.o   -L/opt/local/lib -L/opt/local/bin/../lib/g95/x86_64-apple-darwin10/4.2.4/ -L/opt/local/bin/../lib/g95/x86_64-apple-darwin10/4.2.4 -L/opt/local/lib/g95/x86_64-apple-darwin10/4.2.4/ -L/usr/lib/gcc// -L/opt/local/bin/../lib/g95/x86_64-apple-darwin10/4.2.4/// -L/opt/local/lib/g95/x86_64-apple-darwin10/4.2.4/// -L/usr/lib// -lf95 -lm >&5
Undefined symbols:
  "_foobar", referenced from:
      _main in cc0wPHFX.o
     (maybe you meant: _foobar_)
ld: symbol(s) not found
collect2: ld returned 1 exit status
configure:5175: $? = 1
configure: failed program was:
| /* confdefs.h */
| #define PACKAGE_NAME "libbessels"
| #define PACKAGE_TARNAME "libbessels"
| #define PACKAGE_VERSION "0.1a"
| #define PACKAGE_STRING "libbessels 0.1a"
| #define PACKAGE_BUGREPORT "motohisa@ist.hokudai.ac.jp"
| #define PACKAGE_URL ""
| #define PACKAGE "libbessels"
| #define VERSION "0.1a"
| /* end confdefs.h.  */
| 
| /* Override any GCC internal prototype to avoid an error.
|    Use char because int might match the return type of a GCC
|    builtin and then its argument prototype would still apply.  */
| #ifdef __cplusplus
| extern "C"
| #endif
| char foobar ();
| #ifdef F77_DUMMY_MAIN
| 
| #  ifdef __cplusplus
|      extern "C"
| #  endif
|    int F77_DUMMY_MAIN() { return 1; }
| 
| #endif
| int
| main ()
| {
| return foobar ();
|   ;
|   return 0;
| }
configure:5175: gcc -o conftest -g -O2 -I/opt/local/include -L/opt/local/lib conftest.c cfortran_test.o   -L/opt/local/lib -L/opt/local/bin/../lib/g95/x86_64-apple-darwin10/4.2.4/ -L/opt/local/bin/../lib/g95/x86_64-apple-darwin10/4.2.4 -L/opt/local/lib/g95/x86_64-apple-darwin10/4.2.4/ -L/usr/lib/gcc// -L/opt/local/bin/../lib/g95/x86_64-apple-darwin10/4.2.4/// -L/opt/local/lib/g95/x86_64-apple-darwin10/4.2.4/// -L/usr/lib// -lf95 -lm >&5
configure:5175: $? = 0
configure:5233: gcc -o conftest -g -O2 -I/opt/local/include -L/opt/local/lib conftest.c cfortran_test.o   -L/opt/local/lib -L/opt/local/bin/../lib/g95/x86_64-apple-darwin10/4.2.4/ -L/opt/local/bin/../lib/g95/x86_64-apple-darwin10/4.2.4 -L/opt/local/lib/g95/x86_64-apple-darwin10/4.2.4/ -L/usr/lib/gcc// -L/opt/local/bin/../lib/g95/x86_64-apple-darwin10/4.2.4/// -L/opt/local/lib/g95/x86_64-apple-darwin10/4.2.4/// -L/usr/lib// -lf95 -lm >&5
Undefined symbols:
  "_foo_bar_", referenced from:
      _main in cc8FcNxb.o
     (maybe you meant: _foo_bar__)
ld: symbol(s) not found
collect2: ld returned 1 exit status
configure:5233: $? = 1
configure: failed program was:
| /* confdefs.h */
| #define PACKAGE_NAME "libbessels"
| #define PACKAGE_TARNAME "libbessels"
| #define PACKAGE_VERSION "0.1a"
| #define PACKAGE_STRING "libbessels 0.1a"
| #define PACKAGE_BUGREPORT "motohisa@ist.hokudai.ac.jp"
| #define PACKAGE_URL ""
| #define PACKAGE "libbessels"
| #define VERSION "0.1a"
| /* end confdefs.h.  */
| 
| /* Override any GCC internal prototype to avoid an error.
|    Use char because int might match the return type of a GCC
|    builtin and then its argument prototype would still apply.  */
| #ifdef __cplusplus
| extern "C"
| #endif
| char foo_bar_ ();
| #ifdef F77_DUMMY_MAIN
| 
| #  ifdef __cplusplus
|      extern "C"
| #  endif
|    int F77_DUMMY_MAIN() { return 1; }
| 
| #endif
| int
| main ()
| {
| return foo_bar_ ();
|   ;
|   return 0;
| }
configure:5233: gcc -o conftest -g -O2 -I/opt/local/include -L/opt/local/lib conftest.c cfortran_test.o   -L/opt/local/lib -L/opt/local/bin/../lib/g95/x86_64-apple-darwin10/4.2.4/ -L/opt/local/bin/../lib/g95/x86_64-apple-darwin10/4.2.4 -L/opt/local/lib/g95/x86_64-apple-darwin10/4.2.4/ -L/usr/lib/gcc// -L/opt/local/bin/../lib/g95/x86_64-apple-darwin10/4.2.4/// -L/opt/local/lib/g95/x86_64-apple-darwin10/4.2.4/// -L/usr/lib// -lf95 -lm >&5
configure:5233: $? = 0
configure:5275: result: lower case, underscore, extra underscore
configure:5348: checking for gsl_sf_bessel_Jn in -lgsl
configure:5381: gcc -o conftest -g -O2 -I/opt/local/include -L/opt/local/lib conftest.c -lgsl   >&5
configure:5381: $? = 0
configure:5390: result: yes
configure:5410: checking how to run the C preprocessor
configure:5441: gcc -E -I/opt/local/include conftest.c
configure:5441: $? = 0
configure:5455: gcc -E -I/opt/local/include conftest.c
conftest.c:14:28: error: ac_nonexistent.h: No such file or directory
configure:5455: $? = 1
configure: failed program was:
| /* confdefs.h */
| #define PACKAGE_NAME "libbessels"
| #define PACKAGE_TARNAME "libbessels"
| #define PACKAGE_VERSION "0.1a"
| #define PACKAGE_STRING "libbessels 0.1a"
| #define PACKAGE_BUGREPORT "motohisa@ist.hokudai.ac.jp"
| #define PACKAGE_URL ""
| #define PACKAGE "libbessels"
| #define VERSION "0.1a"
| #define F77_FUNC(name,NAME) name ## _
| #define F77_FUNC_(name,NAME) name ## __
| #define HAVE_LIBGSL 1
| /* end confdefs.h.  */
| #include <ac_nonexistent.h>
configure:5480: result: gcc -E
configure:5500: gcc -E -I/opt/local/include conftest.c
configure:5500: $? = 0
configure:5514: gcc -E -I/opt/local/include conftest.c
conftest.c:14:28: error: ac_nonexistent.h: No such file or directory
configure:5514: $? = 1
configure: failed program was:
| /* confdefs.h */
| #define PACKAGE_NAME "libbessels"
| #define PACKAGE_TARNAME "libbessels"
| #define PACKAGE_VERSION "0.1a"
| #define PACKAGE_STRING "libbessels 0.1a"
| #define PACKAGE_BUGREPORT "motohisa@ist.hokudai.ac.jp"
| #define PACKAGE_URL ""
| #define PACKAGE "libbessels"
| #define VERSION "0.1a"
| #define F77_FUNC(name,NAME) name ## _
| #define F77_FUNC_(name,NAME) name ## __
| #define HAVE_LIBGSL 1
| /* end confdefs.h.  */
| #include <ac_nonexistent.h>
configure:5543: checking for grep that handles long lines and -e
configure:5601: result: /opt/local/bin/grep
configure:5606: checking for egrep
configure:5668: result: /opt/local/bin/grep -E
configure:5673: checking for ANSI C header files
configure:5701: gcc -c -g -O2 -I/opt/local/include conftest.c >&5
configure:5701: $? = 0
configure:5774: gcc -o conftest -g -O2 -I/opt/local/include -L/opt/local/lib conftest.c -lgsl  >&5
configure:5774: $? = 0
configure:5774: ./conftest
configure:5774: $? = 0
configure:5785: result: yes
configure:5798: checking for sys/types.h
configure:5798: gcc -c -g -O2 -I/opt/local/include conftest.c >&5
configure:5798: $? = 0
configure:5798: result: yes
configure:5798: checking for sys/stat.h
configure:5798: gcc -c -g -O2 -I/opt/local/include conftest.c >&5
configure:5798: $? = 0
configure:5798: result: yes
configure:5798: checking for stdlib.h
configure:5798: gcc -c -g -O2 -I/opt/local/include conftest.c >&5
configure:5798: $? = 0
configure:5798: result: yes
configure:5798: checking for string.h
configure:5798: gcc -c -g -O2 -I/opt/local/include conftest.c >&5
configure:5798: $? = 0
configure:5798: result: yes
configure:5798: checking for memory.h
configure:5798: gcc -c -g -O2 -I/opt/local/include conftest.c >&5
configure:5798: $? = 0
configure:5798: result: yes
configure:5798: checking for strings.h
configure:5798: gcc -c -g -O2 -I/opt/local/include conftest.c >&5
configure:5798: $? = 0
configure:5798: result: yes
configure:5798: checking for inttypes.h
configure:5798: gcc -c -g -O2 -I/opt/local/include conftest.c >&5
configure:5798: $? = 0
configure:5798: result: yes
configure:5798: checking for stdint.h
configure:5798: gcc -c -g -O2 -I/opt/local/include conftest.c >&5
configure:5798: $? = 0
configure:5798: result: yes
configure:5798: checking for unistd.h
configure:5798: gcc -c -g -O2 -I/opt/local/include conftest.c >&5
configure:5798: $? = 0
configure:5798: result: yes
configure:5813: checking math.h usability
configure:5813: gcc -c -g -O2 -I/opt/local/include conftest.c >&5
configure:5813: $? = 0
configure:5813: result: yes
configure:5813: checking math.h presence
configure:5813: gcc -E -I/opt/local/include conftest.c
configure:5813: $? = 0
configure:5813: result: yes
configure:5813: checking for math.h
configure:5813: result: yes
configure:5813: checking complex.h usability
configure:5813: gcc -c -g -O2 -I/opt/local/include conftest.c >&5
configure:5813: $? = 0
configure:5813: result: yes
configure:5813: checking complex.h presence
configure:5813: gcc -E -I/opt/local/include conftest.c
configure:5813: $? = 0
configure:5813: result: yes
configure:5813: checking for complex.h
configure:5813: result: yes
configure:5825: checking for an ANSI C-conforming const
configure:5899: gcc -c -g -O2 -I/opt/local/include conftest.c >&5
configure:5899: $? = 0
configure:5906: result: yes
configure:5918: checking for stdlib.h
configure:5918: result: yes
configure:5928: checking for GNU libc compatible malloc
configure:5960: gcc -o conftest -g -O2 -I/opt/local/include -L/opt/local/lib conftest.c -lgsl  >&5
configure:5960: $? = 0
configure:5960: ./conftest
configure:5960: $? = 0
configure:5970: result: yes
configure:5994: checking for pow
configure:5994: gcc -o conftest -g -O2 -I/opt/local/include -L/opt/local/lib conftest.c -lgsl  >&5
conftest.c:51: warning: conflicting types for built-in function 'pow'
configure:5994: $? = 0
configure:5994: result: yes
configure:5994: checking for sqrt
configure:5994: gcc -o conftest -g -O2 -I/opt/local/include -L/opt/local/lib conftest.c -lgsl  >&5
conftest.c:52: warning: conflicting types for built-in function 'sqrt'
configure:5994: $? = 0
configure:5994: result: yes
configure:6116: checking that generated files are newer than configure
configure:6122: result: done
configure:6145: creating ./config.status

## ---------------------- ##
## Running config.status. ##
## ---------------------- ##

This file was extended by libbessels config.status 0.1a, which was
generated by GNU Autoconf 2.69.  Invocation command line was

  CONFIG_FILES    = 
  CONFIG_HEADERS  = 
  CONFIG_LINKS    = 
  CONFIG_COMMANDS = 
  $ ./config.status 

on rihopro.ist.hokudai.ac.jp

config.status:880: creating Makefile
config.status:880: creating bessel_wrap/Makefile
config.status:880: creating bessel_wrap/toms644/Makefile
config.status:880: creating config.h
config.status:1061: config.h is unchanged
config.status:1109: executing depfiles commands

## ---------------- ##
## Cache variables. ##
## ---------------- ##

ac_cv_build=x86_64-apple-darwin10.8.0
ac_cv_c_compiler_gnu=yes
ac_cv_c_const=yes
ac_cv_env_CC_set=
ac_cv_env_CC_value=
ac_cv_env_CFLAGS_set=
ac_cv_env_CFLAGS_value=
ac_cv_env_CPPFLAGS_set=set
ac_cv_env_CPPFLAGS_value=-I/opt/local/include
ac_cv_env_CPP_set=
ac_cv_env_CPP_value=
ac_cv_env_F77_set=
ac_cv_env_F77_value=
ac_cv_env_FFLAGS_set=
ac_cv_env_FFLAGS_value=
ac_cv_env_LDFLAGS_set=set
ac_cv_env_LDFLAGS_value=-L/opt/local/lib
ac_cv_env_LIBS_set=
ac_cv_env_LIBS_value=
ac_cv_env_build_alias_set=
ac_cv_env_build_alias_value=
ac_cv_env_host_alias_set=
ac_cv_env_host_alias_value=
ac_cv_env_target_alias_set=
ac_cv_env_target_alias_value=
ac_cv_f77_compiler_gnu=yes
ac_cv_f77_dummy_main=none
ac_cv_f77_libs=' -L/opt/local/lib -L/opt/local/bin/../lib/g95/x86_64-apple-darwin10/4.2.4/ -L/opt/local/bin/../lib/g95/x86_64-apple-darwin10/4.2.4 -L/opt/local/lib/g95/x86_64-apple-darwin10/4.2.4/ -L/usr/lib/gcc// -L/opt/local/bin/../lib/g95/x86_64-apple-darwin10/4.2.4/// -L/opt/local/lib/g95/x86_64-apple-darwin10/4.2.4/// -L/usr/lib// -lf95 -lm'
ac_cv_f77_mangling='lower case, underscore, extra underscore'
ac_cv_fortran_dummy_main=none
ac_cv_func_malloc_0_nonnull=yes
ac_cv_func_pow=yes
ac_cv_func_sqrt=yes
ac_cv_header_complex_h=yes
ac_cv_header_inttypes_h=yes
ac_cv_header_math_h=yes
ac_cv_header_memory_h=yes
ac_cv_header_stdc=yes
ac_cv_header_stdint_h=yes
ac_cv_header_stdlib_h=yes
ac_cv_header_string_h=yes
ac_cv_header_strings_h=yes
ac_cv_header_sys_stat_h=yes
ac_cv_header_sys_types_h=yes
ac_cv_header_unistd_h=yes
ac_cv_host=x86_64-apple-darwin10.8.0
ac_cv_lib_gsl_gsl_sf_bessel_Jn=yes
ac_cv_objext=o
ac_cv_path_EGREP='/opt/local/bin/grep -E'
ac_cv_path_GREP=/opt/local/bin/grep
ac_cv_path_install='/opt/local/bin/ginstall -c'
ac_cv_path_mkdir=/opt/local/bin/gmkdir
ac_cv_prog_AWK=gawk
ac_cv_prog_CPP='gcc -E'
ac_cv_prog_ac_ct_CC=gcc
ac_cv_prog_ac_ct_F77=g95
ac_cv_prog_ac_ct_RANLIB=ranlib
ac_cv_prog_cc_c89=
ac_cv_prog_cc_g=yes
ac_cv_prog_cc_gcc_c_o=yes
ac_cv_prog_f77_g=yes
ac_cv_prog_f77_v=-v
ac_cv_prog_make_make_set=yes
am_cv_CC_dependencies_compiler_type=gcc3
am_cv_make_support_nested_variables=yes

## ----------------- ##
## Output variables. ##
## ----------------- ##

ACLOCAL='${SHELL} /Users/motohisa/HD2/Calculation/libbessels/missing aclocal-1.13'
AMDEPBACKSLASH='\'
AMDEP_FALSE='#'
AMDEP_TRUE=''
AMTAR='$${TAR-tar}'
AM_BACKSLASH='\'
AM_DEFAULT_V='$(AM_DEFAULT_VERBOSITY)'
AM_DEFAULT_VERBOSITY='1'
AM_V='$(V)'
AUTOCONF='${SHELL} /Users/motohisa/HD2/Calculation/libbessels/missing autoconf'
AUTOHEADER='${SHELL} /Users/motohisa/HD2/Calculation/libbessels/missing autoheader'
AUTOMAKE='${SHELL} /Users/motohisa/HD2/Calculation/libbessels/missing automake-1.13'
AWK='gawk'
CC='gcc'
CCDEPMODE='depmode=gcc3'
CFLAGS='-g -O2'
CPP='gcc -E'
CPPFLAGS='-I/opt/local/include'
CYGPATH_W='echo'
DEFS='-DHAVE_CONFIG_H'
DEPDIR='.deps'
ECHO_C='\c'
ECHO_N=''
ECHO_T=''
EGREP='/opt/local/bin/grep -E'
EXEEXT=''
F77='g95'
FFLAGS='-g -O2'
FLIBS=' -L/opt/local/lib -L/opt/local/bin/../lib/g95/x86_64-apple-darwin10/4.2.4/ -L/opt/local/bin/../lib/g95/x86_64-apple-darwin10/4.2.4 -L/opt/local/lib/g95/x86_64-apple-darwin10/4.2.4/ -L/usr/lib/gcc// -L/opt/local/bin/../lib/g95/x86_64-apple-darwin10/4.2.4/// -L/opt/local/lib/g95/x86_64-apple-darwin10/4.2.4/// -L/usr/lib// -lf95 -lm'
GREP='/opt/local/bin/grep'
INSTALL_DATA='${INSTALL} -m 644'
INSTALL_PROGRAM='${INSTALL}'
INSTALL_SCRIPT='${INSTALL}'
INSTALL_STRIP_PROGRAM='$(install_sh) -c -s'
LDFLAGS='-L/opt/local/lib'
LIBOBJS=''
LIBS='-lgsl '
LTLIBOBJS=''
MAKEINFO='${SHELL} /Users/motohisa/HD2/Calculation/libbessels/missing makeinfo'
MKDIR_P='/opt/local/bin/gmkdir -p'
OBJEXT='o'
PACKAGE='libbessels'
PACKAGE_BUGREPORT='motohisa@ist.hokudai.ac.jp'
PACKAGE_NAME='libbessels'
PACKAGE_STRING='libbessels 0.1a'
PACKAGE_TARNAME='libbessels'
PACKAGE_URL=''
PACKAGE_VERSION='0.1a'
PATH_SEPARATOR=':'
RANLIB='ranlib'
SET_MAKE=''
SHELL='/bin/sh'
STRIP=''
VERSION='0.1a'
ac_ct_CC='gcc'
ac_ct_F77='g95'
am__EXEEXT_FALSE=''
am__EXEEXT_TRUE='#'
am__fastdepCC_FALSE='#'
am__fastdepCC_TRUE=''
am__include='include'
am__isrc=''
am__leading_dot='.'
am__nodep='_no'
am__quote=''
am__tar='$${TAR-tar} chof - "$$tardir"'
am__untar='$${TAR-tar} xf -'
bindir='${exec_prefix}/bin'
build='x86_64-apple-darwin10.8.0'
build_alias=''
build_cpu='x86_64'
build_os='darwin10.8.0'
build_vendor='apple'
datadir='${datarootdir}'
datarootdir='${prefix}/share'
docdir='${datarootdir}/doc/${PACKAGE_TARNAME}'
dvidir='${docdir}'
exec_prefix='${prefix}'
host='x86_64-apple-darwin10.8.0'
host_alias=''
host_cpu='x86_64'
host_os='darwin10.8.0'
host_vendor='apple'
htmldir='${docdir}'
includedir='${prefix}/include'
infodir='${datarootdir}/info'
install_sh='${SHELL} /Users/motohisa/HD2/Calculation/libbessels/install-sh'
libdir='${exec_prefix}/lib'
libexecdir='${exec_prefix}/libexec'
localedir='${datarootdir}/locale'
localstatedir='${prefix}/var'
mandir='${datarootdir}/man'
mkdir_p='$(MKDIR_P)'
oldincludedir='/usr/include'
pdfdir='${docdir}'
prefix='/Users/motohisa/local'
program_transform_name='s,x,x,'
psdir='${docdir}'
sbindir='${exec_prefix}/sbin'
sharedstatedir='${prefix}/com'
sysconfdir='${prefix}/etc'
target_alias=''

## ----------- ##
## confdefs.h. ##
## ----------- ##

/* confdefs.h */
#define PACKAGE_NAME "libbessels"
#define PACKAGE_TARNAME "libbessels"
#define PACKAGE_VERSION "0.1a"
#define PACKAGE_STRING "libbessels 0.1a"
#define PACKAGE_BUGREPORT "motohisa@ist.hokudai.ac.jp"
#define PACKAGE_URL ""
#define PACKAGE "libbessels"
#define VERSION "0.1a"
#define F77_FUNC(name,NAME) name ## _
#define F77_FUNC_(name,NAME) name ## __
#define HAVE_LIBGSL 1
#define STDC_HEADERS 1
#define HAVE_SYS_TYPES_H 1
#define HAVE_SYS_STAT_H 1
#define HAVE_STDLIB_H 1
#define HAVE_STRING_H 1
#define HAVE_MEMORY_H 1
#define HAVE_STRINGS_H 1
#define HAVE_INTTYPES_H 1
#define HAVE_STDINT_H 1
#define HAVE_UNISTD_H 1
#define HAVE_MATH_H 1
#define HAVE_COMPLEX_H 1
#define HAVE_STDLIB_H 1
#define HAVE_MALLOC 1
#define HAVE_POW 1
#define HAVE_SQRT 1

configure: exit 0

## ---------------------- ##
## Running config.status. ##
## ---------------------- ##

This file was extended by libbessels config.status 0.1a, which was
generated by GNU Autoconf 2.69.  Invocation command line was

  CONFIG_FILES    = 
  CONFIG_HEADERS  = 
  CONFIG_LINKS    = 
  CONFIG_COMMANDS = 
  $ ./config.status Makefile depfiles

on rihopro.ist.hokudai.ac.jp

config.status:880: creating Makefile
config.status:1109: executing depfiles commands

## ---------------------- ##
## Running config.status. ##
## ---------------------- ##

This file was extended by libbessels config.status 0.1a, which was
generated by GNU Autoconf 2.69.  Invocation command line was

  CONFIG_FILES    = 
  CONFIG_HEADERS  = 
  CONFIG_LINKS    = 
  CONFIG_COMMANDS = 
  $ ./config.status config.h

on rihopro.ist.hokudai.ac.jp

config.status:880: creating config.h
config.status:1061: config.h is unchanged

## ---------------------- ##
## Running config.status. ##
## ---------------------- ##

This file was extended by libbessels config.status 0.1a, which was
generated by GNU Autoconf 2.69.  Invocation command line was

  CONFIG_FILES    = 
  CONFIG_HEADERS  = 
  CONFIG_LINKS    = 
  CONFIG_COMMANDS = 
  $ ./config.status bessel_wrap/Makefile depfiles

on rihopro.ist.hokudai.ac.jp

config.status:880: creating bessel_wrap/Makefile
config.status:1109: executing depfiles commands

## ---------------------- ##
## Running config.status. ##
## ---------------------- ##

This file was extended by libbessels config.status 0.1a, which was
generated by GNU Autoconf 2.69.  Invocation command line was

  CONFIG_FILES    = 
  CONFIG_HEADERS  = 
  CONFIG_LINKS    = 
  CONFIG_COMMANDS = 
  $ ./config.status bessel_wrap/toms644/Makefile

on rihopro.ist.hokudai.ac.jp

config.status:880: creating bessel_wrap/toms644/Makefile
